# JRE version: Java(TM) SE Runtime Environment (8.0_191-b12) (build 1.8.0_191-b12)
# Java VM: Java HotSpot(TM) 64-Bit Server VM (25.191-b12 mixed mode windows-amd64 compressed oops)
Heap:
 PSYoungGen      total 71680K, used 35013K [0x000000076ab00000, 0x000000076f600000, 0x00000007c0000000)
  eden space 66560K, 44% used [0x000000076ab00000,0x000000076c8315c8,0x000000076ec00000)
  from space 5120K, 100% used [0x000000076f100000,0x000000076f600000,0x000000076f600000)
  to   space 5120K, 0% used [0x000000076ec00000,0x000000076ec00000,0x000000076f100000)
 ParOldGen       total 188416K, used 119435K [0x00000006c0000000, 0x00000006cb800000, 0x000000076ab00000)
  object space 188416K, 63% used [0x00000006c0000000,0x00000006c74a2fe0,0x00000006cb800000)
 Metaspace       used 10810K, capacity 11138K, committed 11392K, reserved 1058816K
  class space    used 1231K, capacity 1365K, committed 1408K, reserved 1048576K
GC Heap History (10 events):
Event: 20.899 GC heap before
{Heap before GC invocations=4 (full 0):
 PSYoungGen      total 38400K, used 38371K [0x000000076ab00000, 0x000000076f600000, 0x00000007c0000000)
  eden space 33280K, 100% used [0x000000076ab00000,0x000000076cb80000,0x000000076cb80000)
  from space 5120K, 99% used [0x000000076cb80000,0x000000076d078cd8,0x000000076d080000)
  to   space 5120K, 0% used [0x000000076f100000,0x000000076f100000,0x000000076f600000)
 ParOldGen       total 87552K, used 46327K [0x00000006c0000000, 0x00000006c5580000, 0x000000076ab00000)
  object space 87552K, 52% used [0x00000006c0000000,0x00000006c2d3dee0,0x00000006c5580000)
 Metaspace       used 9451K, capacity 9740K, committed 9984K, reserved 1058816K
  class space    used 1113K, capacity 1210K, committed 1280K, reserved 1048576K
Event: 20.954 GC heap after
Heap after GC invocations=4 (full 0):
 PSYoungGen      total 71680K, used 5104K [0x000000076ab00000, 0x000000076f600000, 0x00000007c0000000)
  eden space 66560K, 0% used [0x000000076ab00000,0x000000076ab00000,0x000000076ec00000)
  from space 5120K, 99% used [0x000000076f100000,0x000000076f5fc010,0x000000076f600000)
  to   space 5120K, 0% used [0x000000076ec00000,0x000000076ec00000,0x000000076f100000)
 ParOldGen       total 87552K, used 65501K [0x00000006c0000000, 0x00000006c5580000, 0x000000076ab00000)
  object space 87552K, 74% used [0x00000006c0000000,0x00000006c3ff7728,0x00000006c5580000)
 Metaspace       used 9451K, capacity 9740K, committed 9984K, reserved 1058816K
  class space    used 1113K, capacity 1210K, committed 1280K, reserved 1048576K
}
Event: 20.954 GC heap before
{Heap before GC invocations=5 (full 1):
 PSYoungGen      total 71680K, used 5104K [0x000000076ab00000, 0x000000076f600000, 0x00000007c0000000)
  eden space 66560K, 0% used [0x000000076ab00000,0x000000076ab00000,0x000000076ec00000)
  from space 5120K, 99% used [0x000000076f100000,0x000000076f5fc010,0x000000076f600000)
  to   space 5120K, 0% used [0x000000076ec00000,0x000000076ec00000,0x000000076f100000)
 ParOldGen       total 87552K, used 65501K [0x00000006c0000000, 0x00000006c5580000, 0x000000076ab00000)
  object space 87552K, 74% used [0x00000006c0000000,0x00000006c3ff7728,0x00000006c5580000)
 Metaspace       used 9451K, capacity 9740K, committed 9984K, reserved 1058816K
  class space    used 1113K, capacity 1210K, committed 1280K, reserved 1048576K
Event: 21.397 GC heap after
Heap after GC invocations=5 (full 1):
 PSYoungGen      total 71680K, used 0K [0x000000076ab00000, 0x000000076f600000, 0x00000007c0000000)
  eden space 66560K, 0% used [0x000000076ab00000,0x000000076ab00000,0x000000076ec00000)
  from space 5120K, 0% used [0x000000076f100000,0x000000076f100000,0x000000076f600000)
  to   space 5120K, 0% used [0x000000076ec00000,0x000000076ec00000,0x000000076f100000)
 ParOldGen       total 125952K, used 65375K [0x00000006c0000000, 0x00000006c7b00000, 0x000000076ab00000)
  object space 125952K, 51% used [0x00000006c0000000,0x00000006c3fd7d10,0x00000006c7b00000)
 Metaspace       used 9451K, capacity 9740K, committed 9984K, reserved 1058816K
  class space    used 1113K, capacity 1210K, committed 1280K, reserved 1048576K
}
Event: 21.514 GC heap before
{Heap before GC invocations=6 (full 1):
 PSYoungGen      total 71680K, used 66560K [0x000000076ab00000, 0x000000076f600000, 0x00000007c0000000)
  eden space 66560K, 100% used [0x000000076ab00000,0x000000076ec00000,0x000000076ec00000)
  from space 5120K, 0% used [0x000000076f100000,0x000000076f100000,0x000000076f600000)
  to   space 5120K, 0% used [0x000000076ec00000,0x000000076ec00000,0x000000076f100000)
 ParOldGen       total 125952K, used 65375K [0x00000006c0000000, 0x00000006c7b00000, 0x000000076ab00000)
  object space 125952K, 51% used [0x00000006c0000000,0x00000006c3fd7d10,0x00000006c7b00000)
 Metaspace       used 9451K, capacity 9740K, committed 9984K, reserved 1058816K
  class space    used 1113K, capacity 1210K, committed 1280K, reserved 1048576K
Event: 21.599 GC heap after
Heap after GC invocations=6 (full 1):
 PSYoungGen      total 71680K, used 5120K [0x000000076ab00000, 0x000000076f600000, 0x00000007c0000000)
  eden space 66560K, 0% used [0x000000076ab00000,0x000000076ab00000,0x000000076ec00000)
  from space 5120K, 100% used [0x000000076ec00000,0x000000076f100000,0x000000076f100000)
  to   space 5120K, 0% used [0x000000076f100000,0x000000076f100000,0x000000076f600000)
 ParOldGen       total 125952K, used 98407K [0x00000006c0000000, 0x00000006c7b00000, 0x000000076ab00000)
  object space 125952K, 78% used [0x00000006c0000000,0x00000006c6019d40,0x00000006c7b00000)
 Metaspace       used 9451K, capacity 9740K, committed 9984K, reserved 1058816K
  class space    used 1113K, capacity 1210K, committed 1280K, reserved 1048576K
}
Event: 21.599 GC heap before
{Heap before GC invocations=7 (full 2):
 PSYoungGen      total 71680K, used 5120K [0x000000076ab00000, 0x000000076f600000, 0x00000007c0000000)
  eden space 66560K, 0% used [0x000000076ab00000,0x000000076ab00000,0x000000076ec00000)
  from space 5120K, 100% used [0x000000076ec00000,0x000000076f100000,0x000000076f100000)
  to   space 5120K, 0% used [0x000000076f100000,0x000000076f100000,0x000000076f600000)
 ParOldGen       total 125952K, used 98407K [0x00000006c0000000, 0x00000006c7b00000, 0x000000076ab00000)
  object space 125952K, 78% used [0x00000006c0000000,0x00000006c6019d40,0x00000006c7b00000)
 Metaspace       used 9451K, capacity 9740K, committed 9984K, reserved 1058816K
  class space    used 1113K, capacity 1210K, committed 1280K, reserved 1048576K
Event: 21.961 GC heap after
Heap after GC invocations=7 (full 2):
 PSYoungGen      total 71680K, used 0K [0x000000076ab00000, 0x000000076f600000, 0x00000007c0000000)
  eden space 66560K, 0% used [0x000000076ab00000,0x000000076ab00000,0x000000076ec00000)
  from space 5120K, 0% used [0x000000076ec00000,0x000000076ec00000,0x000000076f100000)
  to   space 5120K, 0% used [0x000000076f100000,0x000000076f100000,0x000000076f600000)
 ParOldGen       total 188416K, used 97110K [0x00000006c0000000, 0x00000006cb800000, 0x000000076ab00000)
  object space 188416K, 51% used [0x00000006c0000000,0x00000006c5ed5978,0x00000006cb800000)
 Metaspace       used 9451K, capacity 9740K, committed 9984K, reserved 1058816K
  class space    used 1113K, capacity 1210K, committed 1280K, reserved 1048576K
}
Event: 22.142 GC heap before
{Heap before GC invocations=8 (full 2):
 PSYoungGen      total 71680K, used 66029K [0x000000076ab00000, 0x000000076f600000, 0x00000007c0000000)
  eden space 66560K, 99% used [0x000000076ab00000,0x000000076eb7b560,0x000000076ec00000)
  from space 5120K, 0% used [0x000000076ec00000,0x000000076ec00000,0x000000076f100000)
  to   space 5120K, 0% used [0x000000076f100000,0x000000076f100000,0x000000076f600000)
 ParOldGen       total 188416K, used 97110K [0x00000006c0000000, 0x00000006cb800000, 0x000000076ab00000)
  object space 188416K, 51% used [0x00000006c0000000,0x00000006c5ed5978,0x00000006cb800000)
 Metaspace       used 9545K, capacity 9816K, committed 9984K, reserved 1058816K
  class space    used 1123K, capacity 1212K, committed 1280K, reserved 1048576K
Event: 22.207 GC heap after
Heap after GC invocations=8 (full 2):
 PSYoungGen      total 71680K, used 5120K [0x000000076ab00000, 0x000000076f600000, 0x00000007c0000000)
  eden space 66560K, 0% used [0x000000076ab00000,0x000000076ab00000,0x000000076ec00000)
  from space 5120K, 100% used [0x000000076f100000,0x000000076f600000,0x000000076f600000)
  to   space 5120K, 0% used [0x000000076ec00000,0x000000076ec00000,0x000000076f100000)
 ParOldGen       total 188416K, used 119435K [0x00000006c0000000, 0x00000006cb800000, 0x000000076ab00000)
  object space 188416K, 63% used [0x00000006c0000000,0x00000006c74a2fe0,0x00000006cb800000)
 Metaspace       used 9545K, capacity 9816K, committed 9984K, reserved 1058816K
  class space    used 1123K, capacity 1212K, committed 1280K, reserved 1048576K
}

