# JRE version: Java(TM) SE Runtime Environment (8.0_191-b12) (build 1.8.0_191-b12)
# Java VM: Java HotSpot(TM) 64-Bit Server VM (25.191-b12 mixed mode windows-amd64 compressed oops)
Heap:
 PSYoungGen      total 71680K, used 42392K [0x000000076ab00000, 0x000000076f600000, 0x00000007c0000000)
  eden space 66560K, 55% used [0x000000076ab00000,0x000000076cf66168,0x000000076ec00000)
  from space 5120K, 100% used [0x000000076f100000,0x000000076f600000,0x000000076f600000)
  to   space 5120K, 0% used [0x000000076ec00000,0x000000076ec00000,0x000000076f100000)
 ParOldGen       total 189440K, used 119436K [0x00000006c0000000, 0x00000006cb900000, 0x000000076ab00000)
  object space 189440K, 63% used [0x00000006c0000000,0x00000006c74a3018,0x00000006cb900000)
 Metaspace       used 10919K, capacity 11338K, committed 11392K, reserved 1058816K
  class space    used 1232K, capacity 1365K, committed 1408K, reserved 1048576K
GC Heap History (10 events):
Event: 21.088 GC heap before
{Heap before GC invocations=4 (full 0):
 PSYoungGen      total 38400K, used 38387K [0x000000076ab00000, 0x000000076f600000, 0x00000007c0000000)
  eden space 33280K, 100% used [0x000000076ab00000,0x000000076cb80000,0x000000076cb80000)
  from space 5120K, 99% used [0x000000076cb80000,0x000000076d07cce8,0x000000076d080000)
  to   space 5120K, 0% used [0x000000076f100000,0x000000076f100000,0x000000076f600000)
 ParOldGen       total 87552K, used 50279K [0x00000006c0000000, 0x00000006c5580000, 0x000000076ab00000)
  object space 87552K, 57% used [0x00000006c0000000,0x00000006c3119e38,0x00000006c5580000)
 Metaspace       used 9475K, capacity 9804K, committed 9984K, reserved 1058816K
  class space    used 1113K, capacity 1210K, committed 1280K, reserved 1048576K
Event: 21.144 GC heap after
Heap after GC invocations=4 (full 0):
 PSYoungGen      total 71680K, used 5091K [0x000000076ab00000, 0x000000076f600000, 0x00000007c0000000)
  eden space 66560K, 0% used [0x000000076ab00000,0x000000076ab00000,0x000000076ec00000)
  from space 5120K, 99% used [0x000000076f100000,0x000000076f5f8c98,0x000000076f600000)
  to   space 5120K, 0% used [0x000000076ec00000,0x000000076ec00000,0x000000076f100000)
 ParOldGen       total 87552K, used 69495K [0x00000006c0000000, 0x00000006c5580000, 0x000000076ab00000)
  object space 87552K, 79% used [0x00000006c0000000,0x00000006c43ddec8,0x00000006c5580000)
 Metaspace       used 9475K, capacity 9804K, committed 9984K, reserved 1058816K
  class space    used 1113K, capacity 1210K, committed 1280K, reserved 1048576K
}
Event: 21.144 GC heap before
{Heap before GC invocations=5 (full 1):
 PSYoungGen      total 71680K, used 5091K [0x000000076ab00000, 0x000000076f600000, 0x00000007c0000000)
  eden space 66560K, 0% used [0x000000076ab00000,0x000000076ab00000,0x000000076ec00000)
  from space 5120K, 99% used [0x000000076f100000,0x000000076f5f8c98,0x000000076f600000)
  to   space 5120K, 0% used [0x000000076ec00000,0x000000076ec00000,0x000000076f100000)
 ParOldGen       total 87552K, used 69495K [0x00000006c0000000, 0x00000006c5580000, 0x000000076ab00000)
  object space 87552K, 79% used [0x00000006c0000000,0x00000006c43ddec8,0x00000006c5580000)
 Metaspace       used 9475K, capacity 9804K, committed 9984K, reserved 1058816K
  class space    used 1113K, capacity 1210K, committed 1280K, reserved 1048576K
Event: 21.602 GC heap after
Heap after GC invocations=5 (full 1):
 PSYoungGen      total 71680K, used 0K [0x000000076ab00000, 0x000000076f600000, 0x00000007c0000000)
  eden space 66560K, 0% used [0x000000076ab00000,0x000000076ab00000,0x000000076ec00000)
  from space 5120K, 0% used [0x000000076f100000,0x000000076f100000,0x000000076f600000)
  to   space 5120K, 0% used [0x000000076ec00000,0x000000076ec00000,0x000000076f100000)
 ParOldGen       total 126464K, used 65254K [0x00000006c0000000, 0x00000006c7b80000, 0x000000076ab00000)
  object space 126464K, 51% used [0x00000006c0000000,0x00000006c3fb9970,0x00000006c7b80000)
 Metaspace       used 9475K, capacity 9804K, committed 9984K, reserved 1058816K
  class space    used 1113K, capacity 1210K, committed 1280K, reserved 1048576K
}
Event: 21.734 GC heap before
{Heap before GC invocations=6 (full 1):
 PSYoungGen      total 71680K, used 66560K [0x000000076ab00000, 0x000000076f600000, 0x00000007c0000000)
  eden space 66560K, 100% used [0x000000076ab00000,0x000000076ec00000,0x000000076ec00000)
  from space 5120K, 0% used [0x000000076f100000,0x000000076f100000,0x000000076f600000)
  to   space 5120K, 0% used [0x000000076ec00000,0x000000076ec00000,0x000000076f100000)
 ParOldGen       total 126464K, used 65254K [0x00000006c0000000, 0x00000006c7b80000, 0x000000076ab00000)
  object space 126464K, 51% used [0x00000006c0000000,0x00000006c3fb9970,0x00000006c7b80000)
 Metaspace       used 9475K, capacity 9804K, committed 9984K, reserved 1058816K
  class space    used 1113K, capacity 1210K, committed 1280K, reserved 1048576K
Event: 21.815 GC heap after
Heap after GC invocations=6 (full 1):
 PSYoungGen      total 71680K, used 5088K [0x000000076ab00000, 0x000000076f600000, 0x00000007c0000000)
  eden space 66560K, 0% used [0x000000076ab00000,0x000000076ab00000,0x000000076ec00000)
  from space 5120K, 99% used [0x000000076ec00000,0x000000076f0f8010,0x000000076f100000)
  to   space 5120K, 0% used [0x000000076f100000,0x000000076f100000,0x000000076f600000)
 ParOldGen       total 126464K, used 98654K [0x00000006c0000000, 0x00000006c7b80000, 0x000000076ab00000)
  object space 126464K, 78% used [0x00000006c0000000,0x00000006c6057990,0x00000006c7b80000)
 Metaspace       used 9475K, capacity 9804K, committed 9984K, reserved 1058816K
  class space    used 1113K, capacity 1210K, committed 1280K, reserved 1048576K
}
Event: 21.815 GC heap before
{Heap before GC invocations=7 (full 2):
 PSYoungGen      total 71680K, used 5088K [0x000000076ab00000, 0x000000076f600000, 0x00000007c0000000)
  eden space 66560K, 0% used [0x000000076ab00000,0x000000076ab00000,0x000000076ec00000)
  from space 5120K, 99% used [0x000000076ec00000,0x000000076f0f8010,0x000000076f100000)
  to   space 5120K, 0% used [0x000000076f100000,0x000000076f100000,0x000000076f600000)
 ParOldGen       total 126464K, used 98654K [0x00000006c0000000, 0x00000006c7b80000, 0x000000076ab00000)
  object space 126464K, 78% used [0x00000006c0000000,0x00000006c6057990,0x00000006c7b80000)
 Metaspace       used 9475K, capacity 9804K, committed 9984K, reserved 1058816K
  class space    used 1113K, capacity 1210K, committed 1280K, reserved 1048576K
Event: 22.224 GC heap after
Heap after GC invocations=7 (full 2):
 PSYoungGen      total 71680K, used 0K [0x000000076ab00000, 0x000000076f600000, 0x00000007c0000000)
  eden space 66560K, 0% used [0x000000076ab00000,0x000000076ab00000,0x000000076ec00000)
  from space 5120K, 0% used [0x000000076ec00000,0x000000076ec00000,0x000000076f100000)
  to   space 5120K, 0% used [0x000000076f100000,0x000000076f100000,0x000000076f600000)
 ParOldGen       total 189440K, used 97314K [0x00000006c0000000, 0x00000006cb900000, 0x000000076ab00000)
  object space 189440K, 51% used [0x00000006c0000000,0x00000006c5f089b0,0x00000006cb900000)
 Metaspace       used 9475K, capacity 9804K, committed 9984K, reserved 1058816K
  class space    used 1113K, capacity 1210K, committed 1280K, reserved 1048576K
}
Event: 22.550 GC heap before
{Heap before GC invocations=8 (full 2):
 PSYoungGen      total 71680K, used 65507K [0x000000076ab00000, 0x000000076f600000, 0x00000007c0000000)
  eden space 66560K, 98% used [0x000000076ab00000,0x000000076eaf8dc0,0x000000076ec00000)
  from space 5120K, 0% used [0x000000076ec00000,0x000000076ec00000,0x000000076f100000)
  to   space 5120K, 0% used [0x000000076f100000,0x000000076f100000,0x000000076f600000)
 ParOldGen       total 189440K, used 97314K [0x00000006c0000000, 0x00000006cb900000, 0x000000076ab00000)
  object space 189440K, 51% used [0x00000006c0000000,0x00000006c5f089b0,0x00000006cb900000)
 Metaspace       used 9570K, capacity 9816K, committed 9984K, reserved 1058816K
  class space    used 1123K, capacity 1212K, committed 1280K, reserved 1048576K
Event: 22.606 GC heap after
Heap after GC invocations=8 (full 2):
 PSYoungGen      total 71680K, used 5120K [0x000000076ab00000, 0x000000076f600000, 0x00000007c0000000)
  eden space 66560K, 0% used [0x000000076ab00000,0x000000076ab00000,0x000000076ec00000)
  from space 5120K, 100% used [0x000000076f100000,0x000000076f600000,0x000000076f600000)
  to   space 5120K, 0% used [0x000000076ec00000,0x000000076ec00000,0x000000076f100000)
 ParOldGen       total 189440K, used 119436K [0x00000006c0000000, 0x00000006cb900000, 0x000000076ab00000)
  object space 189440K, 63% used [0x00000006c0000000,0x00000006c74a3018,0x00000006cb900000)
 Metaspace       used 9570K, capacity 9816K, committed 9984K, reserved 1058816K
  class space    used 1123K, capacity 1212K, committed 1280K, reserved 1048576K
}

